This file contains any messages produced by compilers while
running configure, to aid debugging if configure makes a mistake.

It was created by zbar configure 0.10, which was
generated by GNU Autoconf 2.63.  Invocation command line was

  $ ../configure --prefix=/usr/local --disable-video --without-imagemagick

## --------- ##
## Platform. ##
## --------- ##

hostname = raspberrypi
uname -m = armv7l
uname -r = 4.19.75-v7+
uname -s = Linux
uname -v = #1270 SMP Tue Sep 24 18:45:11 BST 2019

/usr/bin/uname -p = unknown
/bin/uname -X     = unknown

/bin/arch              = unknown
/usr/bin/arch -k       = unknown
/usr/convex/getsysinfo = unknown
/usr/bin/hostinfo      = unknown
/bin/machine           = unknown
/usr/bin/oslevel       = unknown
/bin/universe          = unknown

PATH: /usr/local/sbin
PATH: /usr/local/bin
PATH: /usr/sbin
PATH: /usr/bin
PATH: /sbin
PATH: /bin
PATH: /usr/local/games
PATH: /usr/games


## ----------- ##
## Core tests. ##
## ----------- ##

configure:2250: checking for a BSD-compatible install
configure:2318: result: /usr/bin/install -c
configure:2329: checking whether build environment is sane
configure:2372: result: yes
configure:2397: checking for a thread-safe mkdir -p
configure:2436: result: /bin/mkdir -p
configure:2449: checking for gawk
configure:2479: result: no
configure:2449: checking for mawk
configure:2465: found /usr/bin/mawk
configure:2476: result: mawk
configure:2487: checking whether make sets $(MAKE)
configure:2509: result: yes
configure:2728: checking build system type
configure:2746: result: armv7l-unknown-linux-gnueabi
configure:2768: checking host system type
configure:2783: result: armv7l-unknown-linux-gnueabi
configure:2817: checking for style of include used by make
configure:2845: result: GNU
configure:2915: checking for gcc
configure:2931: found /usr/bin/gcc
configure:2942: result: gcc
configure:3174: checking for C compiler version
configure:3182: gcc --version >&5
gcc (Raspbian 8.3.0-6+rpi1) 8.3.0
Copyright (C) 2018 Free Software Foundation, Inc.
This is free software; see the source for copying conditions.  There is NO
warranty; not even for MERCHANTABILITY or FITNESS FOR A PARTICULAR PURPOSE.

configure:3186: $? = 0
configure:3193: gcc -v >&5
Using built-in specs.
COLLECT_GCC=gcc
COLLECT_LTO_WRAPPER=/usr/lib/gcc/arm-linux-gnueabihf/8/lto-wrapper
Target: arm-linux-gnueabihf
Configured with: ../src/configure -v --with-pkgversion='Raspbian 8.3.0-6+rpi1' --with-bugurl=file:///usr/share/doc/gcc-8/README.Bugs --enable-languages=c,ada,c++,go,d,fortran,objc,obj-c++ --prefix=/usr --with-gcc-major-version-only --program-suffix=-8 --program-prefix=arm-linux-gnueabihf- --enable-shared --enable-linker-build-id --libexecdir=/usr/lib --without-included-gettext --enable-threads=posix --libdir=/usr/lib --enable-nls --enable-bootstrap --enable-clocale=gnu --enable-libstdcxx-debug --enable-libstdcxx-time=yes --with-default-libstdcxx-abi=new --enable-gnu-unique-object --disable-libitm --disable-libquadmath --disable-libquadmath-support --enable-plugin --with-system-zlib --with-target-system-zlib --enable-objc-gc=auto --enable-multiarch --disable-sjlj-exceptions --with-arch=armv6 --with-fpu=vfp --with-float=hard --disable-werror --enable-checking=release --build=arm-linux-gnueabihf --host=arm-linux-gnueabihf --target=arm-linux-gnueabihf
Thread model: posix
gcc version 8.3.0 (Raspbian 8.3.0-6+rpi1) 
configure:3197: $? = 0
configure:3204: gcc -V >&5
gcc: error: unrecognized command line option '-V'
gcc: fatal error: no input files
compilation terminated.
configure:3208: $? = 1
configure:3231: checking for C compiler default output file name
configure:3253: gcc    conftest.c  >&5
configure:3257: $? = 0
configure:3295: result: a.out
configure:3314: checking whether the C compiler works
configure:3324: ./a.out
configure:3328: $? = 0
configure:3347: result: yes
configure:3354: checking whether we are cross compiling
configure:3356: result: no
configure:3359: checking for suffix of executables
configure:3366: gcc -o conftest    conftest.c  >&5
configure:3370: $? = 0
configure:3396: result: 
configure:3402: checking for suffix of object files
configure:3428: gcc -c   conftest.c >&5
configure:3432: $? = 0
configure:3457: result: o
configure:3461: checking whether we are using the GNU C compiler
configure:3490: gcc -c   conftest.c >&5
configure:3497: $? = 0
configure:3514: result: yes
configure:3523: checking whether gcc accepts -g
configure:3553: gcc -c -g  conftest.c >&5
configure:3560: $? = 0
configure:3661: result: yes
configure:3678: checking for gcc option to accept ISO C89
configure:3752: gcc  -c -g -O2  conftest.c >&5
configure:3759: $? = 0
configure:3782: result: none needed
configure:3802: checking dependency style of gcc
configure:3893: result: gcc3
configure:3908: checking for a sed that does not truncate output
configure:3974: result: /bin/sed
configure:3992: checking for grep that handles long lines and -e
configure:4052: result: /bin/grep
configure:4057: checking for egrep
configure:4121: result: /bin/grep -E
configure:4126: checking for fgrep
configure:4190: result: /bin/grep -F
configure:4225: checking for ld used by gcc
configure:4292: result: /usr/bin/ld
configure:4301: checking if the linker (/usr/bin/ld) is GNU ld
configure:4316: result: yes
configure:4328: checking for BSD- or MS-compatible name lister (nm)
configure:4377: result: /usr/bin/nm -B
configure:4495: checking the name lister (/usr/bin/nm -B) interface
configure:4512: gcc -c -g -O2  conftest.c >&5
configure:4515: /usr/bin/nm -B "conftest.o"
configure:4518: output
00000000 B some_variable
configure:4509: result: BSD nm
configure:4512: checking whether ln -s works
configure:4516: result: yes
configure:4524: checking the maximum length of command line arguments
configure:4644: result: 1572864
configure:4661: checking whether the shell understands some XSI constructs
configure:4670: result: yes
configure:4674: checking whether the shell understands "+="
configure:4678: result: yes
configure:4713: checking for /usr/bin/ld option to reload object files
configure:4720: result: -r
configure:4789: checking for objdump
configure:4805: found /usr/bin/objdump
configure:4816: result: objdump
configure:4845: checking how to recognize dependent libraries
configure:5041: result: pass_all
configure:5101: checking for ar
configure:5117: found /usr/bin/ar
configure:5128: result: ar
configure:5206: checking for strip
configure:5222: found /usr/bin/strip
configure:5233: result: strip
configure:5305: checking for ranlib
configure:5321: found /usr/bin/ranlib
configure:5332: result: ranlib
configure:5422: checking command to parse /usr/bin/nm -B output from gcc object
configure:5540: gcc -c -g -O2  conftest.c >&5
configure:5543: $? = 0
configure:5547: /usr/bin/nm -B conftest.o \| sed -n -e 's/^.*[	 ]\([ABCDGIRSTW][ABCDGIRSTW]*\)[	 ][	 ]*\([_A-Za-z][_A-Za-z0-9]*\)$/\1 \2 \2/p' \> conftest.nm
configure:5550: $? = 0
configure:5604: gcc -o conftest -g -O2   conftest.c conftstm.o >&5
configure:5607: $? = 0
configure:5645: result: ok
configure:6512: checking how to run the C preprocessor
configure:6552: gcc -E  conftest.c
configure:6559: $? = 0
configure:6590: gcc -E  conftest.c
conftest.c:10:10: fatal error: ac_nonexistent.h: No such file or directory
 #include <ac_nonexistent.h>
          ^~~~~~~~~~~~~~~~~~
compilation terminated.
configure:6597: $? = 1
configure: failed program was:
| /* confdefs.h.  */
| #define PACKAGE_NAME "zbar"
| #define PACKAGE_TARNAME "zbar"
| #define PACKAGE_VERSION "0.10"
| #define PACKAGE_STRING "zbar 0.10"
| #define PACKAGE_BUGREPORT "spadix@users.sourceforge.net"
| #define PACKAGE "zbar"
| #define VERSION "0.10"
| /* end confdefs.h.  */
| #include <ac_nonexistent.h>
configure:6630: result: gcc -E
configure:6659: gcc -E  conftest.c
configure:6666: $? = 0
configure:6697: gcc -E  conftest.c
conftest.c:10:10: fatal error: ac_nonexistent.h: No such file or directory
 #include <ac_nonexistent.h>
          ^~~~~~~~~~~~~~~~~~
compilation terminated.
configure:6704: $? = 1
configure: failed program was:
| /* confdefs.h.  */
| #define PACKAGE_NAME "zbar"
| #define PACKAGE_TARNAME "zbar"
| #define PACKAGE_VERSION "0.10"
| #define PACKAGE_STRING "zbar 0.10"
| #define PACKAGE_BUGREPORT "spadix@users.sourceforge.net"
| #define PACKAGE "zbar"
| #define VERSION "0.10"
| /* end confdefs.h.  */
| #include <ac_nonexistent.h>
configure:6744: checking for ANSI C header files
configure:6774: gcc -c -g -O2  conftest.c >&5
configure:6781: $? = 0
configure:6880: gcc -o conftest -g -O2   conftest.c  >&5
configure:6884: $? = 0
configure:6890: ./conftest
configure:6894: $? = 0
configure:6912: result: yes
configure:6936: checking for sys/types.h
configure:6957: gcc -c -g -O2  conftest.c >&5
configure:6964: $? = 0
configure:6981: result: yes
configure:6936: checking for sys/stat.h
configure:6957: gcc -c -g -O2  conftest.c >&5
configure:6964: $? = 0
configure:6981: result: yes
configure:6936: checking for stdlib.h
configure:6957: gcc -c -g -O2  conftest.c >&5
configure:6964: $? = 0
configure:6981: result: yes
configure:6936: checking for string.h
configure:6957: gcc -c -g -O2  conftest.c >&5
configure:6964: $? = 0
configure:6981: result: yes
configure:6936: checking for memory.h
configure:6957: gcc -c -g -O2  conftest.c >&5
configure:6964: $? = 0
configure:6981: result: yes
configure:6936: checking for strings.h
configure:6957: gcc -c -g -O2  conftest.c >&5
configure:6964: $? = 0
configure:6981: result: yes
configure:6936: checking for inttypes.h
configure:6957: gcc -c -g -O2  conftest.c >&5
configure:6964: $? = 0
configure:6981: result: yes
configure:6936: checking for stdint.h
configure:6957: gcc -c -g -O2  conftest.c >&5
configure:6964: $? = 0
configure:6981: result: yes
configure:6936: checking for unistd.h
configure:6957: gcc -c -g -O2  conftest.c >&5
configure:6964: $? = 0
configure:6981: result: yes
configure:6999: checking for dlfcn.h
configure:7020: gcc -c -g -O2  conftest.c >&5
configure:7027: $? = 0
configure:7044: result: yes
configure:7527: checking for objdir
configure:7542: result: .libs
configure:7838: checking if gcc supports -fno-rtti -fno-exceptions
configure:7875: gcc -c -g -O2  -fno-rtti -fno-exceptions conftest.c >&5
cc1: warning: command line option '-fno-rtti' is valid for C++/ObjC++ but not for C
configure:7879: $? = 0
configure:7873: result: no
configure:7893: checking for gcc option to produce PIC
configure:8165: result: -fPIC -DPIC
configure:8177: checking if gcc PIC flag -fPIC -DPIC works
configure:8214: gcc -c -g -O2  -fPIC -DPIC -DPIC conftest.c >&5
configure:8218: $? = 0
configure:8212: result: yes
configure:8236: checking if gcc static flag -static works
configure:8264: result: yes
configure:8279: checking if gcc supports -c -o file.o
configure:8319: gcc -c -g -O2  -o out/conftest2.o conftest.c >&5
configure:8323: $? = 0
configure:8326: result: yes
configure:8334: checking if gcc supports -c -o file.o
configure:8381: result: yes
configure:8414: checking whether the gcc linker (/usr/bin/ld) supports shared libraries
configure:9488: result: yes
configure:9525: checking whether -lc should be explicitly linked in
configure:9530: gcc -c -g -O2  conftest.c >&5
configure:9533: $? = 0
configure:9548: gcc -shared conftest.o  -v -Wl,-soname -Wl,conftest -o conftest 2\>\&1 \| /bin/grep  -lc  \>/dev/null 2\>\&1
configure:9551: $? = 0
configure:9563: result: no
configure:9727: checking dynamic linker characteristics
configure:10183: gcc -o conftest -g -O2   -Wl,-rpath -Wl,/foo conftest.c  >&5
configure:10190: $? = 0
configure:10423: result: GNU/Linux ld.so
configure:10525: checking how to hardcode library paths into programs
configure:10550: result: immediate
configure:10673: checking for shl_load
configure:10729: gcc -o conftest -g -O2   conftest.c  >&5
/usr/bin/ld: /tmp/ccOF70N5.o: in function `main':
/home/pi/standalone/zbar-0.10/zbar-build/conftest.c:56: undefined reference to `shl_load'
collect2: error: ld returned 1 exit status
configure:10736: $? = 1
configure: failed program was:
| /* confdefs.h.  */
| #define PACKAGE_NAME "zbar"
| #define PACKAGE_TARNAME "zbar"
| #define PACKAGE_VERSION "0.10"
| #define PACKAGE_STRING "zbar 0.10"
| #define PACKAGE_BUGREPORT "spadix@users.sourceforge.net"
| #define PACKAGE "zbar"
| #define VERSION "0.10"
| #define STDC_HEADERS 1
| #define HAVE_SYS_TYPES_H 1
| #define HAVE_SYS_STAT_H 1
| #define HAVE_STDLIB_H 1
| #define HAVE_STRING_H 1
| #define HAVE_MEMORY_H 1
| #define HAVE_STRINGS_H 1
| #define HAVE_INTTYPES_H 1
| #define HAVE_STDINT_H 1
| #define HAVE_UNISTD_H 1
| #define HAVE_DLFCN_H 1
| #define LT_OBJDIR ".libs/"
| /* end confdefs.h.  */
| /* Define shl_load to an innocuous variant, in case <limits.h> declares shl_load.
|    For example, HP-UX 11i <limits.h> declares gettimeofday.  */
| #define shl_load innocuous_shl_load
| 
| /* System header to define __stub macros and hopefully few prototypes,
|     which can conflict with char shl_load (); below.
|     Prefer <limits.h> to <assert.h> if __STDC__ is defined, since
|     <limits.h> exists even on freestanding compilers.  */
| 
| #ifdef __STDC__
| # include <limits.h>
| #else
| # include <assert.h>
| #endif
| 
| #undef shl_load
| 
| /* Override any GCC internal prototype to avoid an error.
|    Use char because int might match the return type of a GCC
|    builtin and then its argument prototype would still apply.  */
| #ifdef __cplusplus
| extern "C"
| #endif
| char shl_load ();
| /* The GNU C library defines this for functions which it implements
|     to always fail with ENOSYS.  Some functions are actually named
|     something starting with __ and the normal name is an alias.  */
| #if defined __stub_shl_load || defined __stub___shl_load
| choke me
| #endif
| 
| int
| main ()
| {
| return shl_load ();
|   ;
|   return 0;
| }
configure:10756: result: no
configure:10761: checking for shl_load in -ldld
configure:10796: gcc -o conftest -g -O2   conftest.c -ldld   >&5
/usr/bin/ld: cannot find -ldld
collect2: error: ld returned 1 exit status
configure:10803: $? = 1
configure: failed program was:
| /* confdefs.h.  */
| #define PACKAGE_NAME "zbar"
| #define PACKAGE_TARNAME "zbar"
| #define PACKAGE_VERSION "0.10"
| #define PACKAGE_STRING "zbar 0.10"
| #define PACKAGE_BUGREPORT "spadix@users.sourceforge.net"
| #define PACKAGE "zbar"
| #define VERSION "0.10"
| #define STDC_HEADERS 1
| #define HAVE_SYS_TYPES_H 1
| #define HAVE_SYS_STAT_H 1
| #define HAVE_STDLIB_H 1
| #define HAVE_STRING_H 1
| #define HAVE_MEMORY_H 1
| #define HAVE_STRINGS_H 1
| #define HAVE_INTTYPES_H 1
| #define HAVE_STDINT_H 1
| #define HAVE_UNISTD_H 1
| #define HAVE_DLFCN_H 1
| #define LT_OBJDIR ".libs/"
| /* end confdefs.h.  */
| 
| /* Override any GCC internal prototype to avoid an error.
|    Use char because int might match the return type of a GCC
|    builtin and then its argument prototype would still apply.  */
| #ifdef __cplusplus
| extern "C"
| #endif
| char shl_load ();
| int
| main ()
| {
| return shl_load ();
|   ;
|   return 0;
| }
configure:10824: result: no
configure:10829: checking for dlopen
configure:10885: gcc -o conftest -g -O2   conftest.c  >&5
/usr/bin/ld: /tmp/ccYXOo8y.o: in function `main':
/home/pi/standalone/zbar-0.10/zbar-build/conftest.c:56: undefined reference to `dlopen'
collect2: error: ld returned 1 exit status
configure:10892: $? = 1
configure: failed program was:
| /* confdefs.h.  */
| #define PACKAGE_NAME "zbar"
| #define PACKAGE_TARNAME "zbar"
| #define PACKAGE_VERSION "0.10"
| #define PACKAGE_STRING "zbar 0.10"
| #define PACKAGE_BUGREPORT "spadix@users.sourceforge.net"
| #define PACKAGE "zbar"
| #define VERSION "0.10"
| #define STDC_HEADERS 1
| #define HAVE_SYS_TYPES_H 1
| #define HAVE_SYS_STAT_H 1
| #define HAVE_STDLIB_H 1
| #define HAVE_STRING_H 1
| #define HAVE_MEMORY_H 1
| #define HAVE_STRINGS_H 1
| #define HAVE_INTTYPES_H 1
| #define HAVE_STDINT_H 1
| #define HAVE_UNISTD_H 1
| #define HAVE_DLFCN_H 1
| #define LT_OBJDIR ".libs/"
| /* end confdefs.h.  */
| /* Define dlopen to an innocuous variant, in case <limits.h> declares dlopen.
|    For example, HP-UX 11i <limits.h> declares gettimeofday.  */
| #define dlopen innocuous_dlopen
| 
| /* System header to define __stub macros and hopefully few prototypes,
|     which can conflict with char dlopen (); below.
|     Prefer <limits.h> to <assert.h> if __STDC__ is defined, since
|     <limits.h> exists even on freestanding compilers.  */
| 
| #ifdef __STDC__
| # include <limits.h>
| #else
| # include <assert.h>
| #endif
| 
| #undef dlopen
| 
| /* Override any GCC internal prototype to avoid an error.
|    Use char because int might match the return type of a GCC
|    builtin and then its argument prototype would still apply.  */
| #ifdef __cplusplus
| extern "C"
| #endif
| char dlopen ();
| /* The GNU C library defines this for functions which it implements
|     to always fail with ENOSYS.  Some functions are actually named
|     something starting with __ and the normal name is an alias.  */
| #if defined __stub_dlopen || defined __stub___dlopen
| choke me
| #endif
| 
| int
| main ()
| {
| return dlopen ();
|   ;
|   return 0;
| }
configure:10912: result: no
configure:10917: checking for dlopen in -ldl
configure:10952: gcc -o conftest -g -O2   conftest.c -ldl   >&5
configure:10959: $? = 0
configure:10980: result: yes
configure:11157: checking whether a program can dlopen itself
configure:11227: gcc -o conftest -g -O2  -DHAVE_DLFCN_H  -Wl,--export-dynamic conftest.c -ldl  >&5
configure:11230: $? = 0
configure:11248: result: yes
configure:11253: checking whether a statically linked program can dlopen itself
configure:11323: gcc -o conftest -g -O2  -DHAVE_DLFCN_H  -Wl,--export-dynamic -static conftest.c -ldl  >&5
/usr/bin/ld: /tmp/ccufkvFz.o: in function `main':
/home/pi/standalone/zbar-0.10/zbar-build/configure:11326: warning: Using 'dlopen' in statically linked applications requires at runtime the shared libraries from the glibc version used for linking
configure:11326: $? = 0
configure:11344: result: no
configure:11383: checking whether stripping libraries is possible
configure:11388: result: yes
configure:11423: checking if libtool supports shared libraries
configure:11425: result: yes
configure:11428: checking whether to build shared libraries
configure:11449: result: yes
configure:11452: checking whether to build static libraries
configure:11456: result: yes
configure:8373: checking for windres
configure:8403: result: no
configure:8545: checking host system type
configure:8560: result: armv7l-unknown-linux-gnueabi
configure:8653: checking for gcc
configure:8680: result: gcc
configure:8912: checking for C compiler version
configure:8920: gcc --version >&5
gcc (Raspbian 8.3.0-6+rpi1) 8.3.0
Copyright (C) 2018 Free Software Foundation, Inc.
This is free software; see the source for copying conditions.  There is NO
warranty; not even for MERCHANTABILITY or FITNESS FOR A PARTICULAR PURPOSE.

configure:8924: $? = 0
configure:8931: gcc -v >&5
Using built-in specs.
COLLECT_GCC=gcc
COLLECT_LTO_WRAPPER=/usr/lib/gcc/arm-linux-gnueabihf/8/lto-wrapper
Target: arm-linux-gnueabihf
Configured with: ../src/configure -v --with-pkgversion='Raspbian 8.3.0-6+rpi1' --with-bugurl=file:///usr/share/doc/gcc-8/README.Bugs --enable-languages=c,ada,c++,go,d,fortran,objc,obj-c++ --prefix=/usr --with-gcc-major-version-only --program-suffix=-8 --program-prefix=arm-linux-gnueabihf- --enable-shared --enable-linker-build-id --libexecdir=/usr/lib --without-included-gettext --enable-threads=posix --libdir=/usr/lib --enable-nls --enable-bootstrap --enable-clocale=gnu --enable-libstdcxx-debug --enable-libstdcxx-time=yes --with-default-libstdcxx-abi=new --enable-gnu-unique-object --disable-libitm --disable-libquadmath --disable-libquadmath-support --enable-plugin --with-system-zlib --with-target-system-zlib --enable-objc-gc=auto --enable-multiarch --disable-sjlj-exceptions --with-arch=armv6 --with-fpu=vfp --with-float=hard --disable-werror --enable-checking=release --build=arm-linux-gnueabihf --host=arm-linux-gnueabihf --target=arm-linux-gnueabihf
Thread model: posix
gcc version 8.3.0 (Raspbian 8.3.0-6+rpi1) 
configure:8935: $? = 0
configure:8942: gcc -V >&5
gcc: error: unrecognized command line option '-V'
gcc: fatal error: no input files
compilation terminated.
configure:8946: $? = 1
configure:8949: checking whether we are using the GNU C compiler
configure:9002: result: yes
configure:9011: checking whether gcc accepts -g
configure:9149: result: yes
configure:9166: checking for gcc option to accept ISO C89
configure:9270: result: none needed
configure:9290: checking dependency style of gcc
configure:9381: result: gcc3
configure:9397: checking whether gcc and cc understand -c and -o together
configure:9432: gcc -c conftest.c -o conftest2.o >&5
configure:9436: $? = 0
configure:9442: gcc -c conftest.c -o conftest2.o >&5
configure:9446: $? = 0
configure:9457: cc -c conftest.c >&5
configure:9461: $? = 0
configure:9469: cc -c conftest.c -o conftest2.o >&5
configure:9473: $? = 0
configure:9479: cc -c conftest.c -o conftest2.o >&5
configure:9483: $? = 0
configure:9501: result: yes
configure:9586: checking for g++
configure:9602: found /usr/bin/g++
configure:9613: result: g++
configure:9640: checking for C++ compiler version
configure:9648: g++ --version >&5
g++ (Raspbian 8.3.0-6+rpi1) 8.3.0
Copyright (C) 2018 Free Software Foundation, Inc.
This is free software; see the source for copying conditions.  There is NO
warranty; not even for MERCHANTABILITY or FITNESS FOR A PARTICULAR PURPOSE.

configure:9652: $? = 0
configure:9659: g++ -v >&5
Using built-in specs.
COLLECT_GCC=g++
COLLECT_LTO_WRAPPER=/usr/lib/gcc/arm-linux-gnueabihf/8/lto-wrapper
Target: arm-linux-gnueabihf
Configured with: ../src/configure -v --with-pkgversion='Raspbian 8.3.0-6+rpi1' --with-bugurl=file:///usr/share/doc/gcc-8/README.Bugs --enable-languages=c,ada,c++,go,d,fortran,objc,obj-c++ --prefix=/usr --with-gcc-major-version-only --program-suffix=-8 --program-prefix=arm-linux-gnueabihf- --enable-shared --enable-linker-build-id --libexecdir=/usr/lib --without-included-gettext --enable-threads=posix --libdir=/usr/lib --enable-nls --enable-bootstrap --enable-clocale=gnu --enable-libstdcxx-debug --enable-libstdcxx-time=yes --with-default-libstdcxx-abi=new --enable-gnu-unique-object --disable-libitm --disable-libquadmath --disable-libquadmath-support --enable-plugin --with-system-zlib --with-target-system-zlib --enable-objc-gc=auto --enable-multiarch --disable-sjlj-exceptions --with-arch=armv6 --with-fpu=vfp --with-float=hard --disable-werror --enable-checking=release --build=arm-linux-gnueabihf --host=arm-linux-gnueabihf --target=arm-linux-gnueabihf
Thread model: posix
gcc version 8.3.0 (Raspbian 8.3.0-6+rpi1) 
configure:9663: $? = 0
configure:9670: g++ -V >&5
g++: error: unrecognized command line option '-V'
g++: fatal error: no input files
compilation terminated.
configure:9674: $? = 1
configure:9677: checking whether we are using the GNU C++ compiler
configure:9706: g++ -c   conftest.cpp >&5
configure:9713: $? = 0
configure:9730: result: yes
configure:9739: checking whether g++ accepts -g
configure:9769: g++ -c -g  conftest.cpp >&5
configure:9776: $? = 0
configure:9877: result: yes
configure:9902: checking dependency style of g++
configure:9993: result: gcc3
configure:10121: checking for C++ compiler version
configure:10129: g++ --version >&5
g++ (Raspbian 8.3.0-6+rpi1) 8.3.0
Copyright (C) 2018 Free Software Foundation, Inc.
This is free software; see the source for copying conditions.  There is NO
warranty; not even for MERCHANTABILITY or FITNESS FOR A PARTICULAR PURPOSE.

configure:10133: $? = 0
configure:10140: g++ -v >&5
Using built-in specs.
COLLECT_GCC=g++
COLLECT_LTO_WRAPPER=/usr/lib/gcc/arm-linux-gnueabihf/8/lto-wrapper
Target: arm-linux-gnueabihf
Configured with: ../src/configure -v --with-pkgversion='Raspbian 8.3.0-6+rpi1' --with-bugurl=file:///usr/share/doc/gcc-8/README.Bugs --enable-languages=c,ada,c++,go,d,fortran,objc,obj-c++ --prefix=/usr --with-gcc-major-version-only --program-suffix=-8 --program-prefix=arm-linux-gnueabihf- --enable-shared --enable-linker-build-id --libexecdir=/usr/lib --without-included-gettext --enable-threads=posix --libdir=/usr/lib --enable-nls --enable-bootstrap --enable-clocale=gnu --enable-libstdcxx-debug --enable-libstdcxx-time=yes --with-default-libstdcxx-abi=new --enable-gnu-unique-object --disable-libitm --disable-libquadmath --disable-libquadmath-support --enable-plugin --with-system-zlib --with-target-system-zlib --enable-objc-gc=auto --enable-multiarch --disable-sjlj-exceptions --with-arch=armv6 --with-fpu=vfp --with-float=hard --disable-werror --enable-checking=release --build=arm-linux-gnueabihf --host=arm-linux-gnueabihf --target=arm-linux-gnueabihf
Thread model: posix
gcc version 8.3.0 (Raspbian 8.3.0-6+rpi1) 
configure:10144: $? = 0
configure:10151: g++ -V >&5
g++: error: unrecognized command line option '-V'
g++: fatal error: no input files
compilation terminated.
configure:10155: $? = 1
configure:10158: checking whether we are using the GNU C++ compiler
configure:10211: result: yes
configure:10220: checking whether g++ accepts -g
configure:10358: result: yes
configure:10383: checking dependency style of g++
configure:10474: result: gcc3
configure:10497: checking how to run the C++ preprocessor
configure:10533: g++ -E  conftest.cpp
configure:10540: $? = 0
configure:10571: g++ -E  conftest.cpp
conftest.cpp:27:10: fatal error: ac_nonexistent.h: No such file or directory
 #include <ac_nonexistent.h>
          ^~~~~~~~~~~~~~~~~~
compilation terminated.
configure:10578: $? = 1
configure: failed program was:
| /* confdefs.h.  */
| #define PACKAGE_NAME "zbar"
| #define PACKAGE_TARNAME "zbar"
| #define PACKAGE_VERSION "0.10"
| #define PACKAGE_STRING "zbar 0.10"
| #define PACKAGE_BUGREPORT "spadix@users.sourceforge.net"
| #define PACKAGE "zbar"
| #define VERSION "0.10"
| #define STDC_HEADERS 1
| #define HAVE_SYS_TYPES_H 1
| #define HAVE_SYS_STAT_H 1
| #define HAVE_STDLIB_H 1
| #define HAVE_STRING_H 1
| #define HAVE_MEMORY_H 1
| #define HAVE_STRINGS_H 1
| #define HAVE_INTTYPES_H 1
| #define HAVE_STDINT_H 1
| #define HAVE_UNISTD_H 1
| #define HAVE_DLFCN_H 1
| #define LT_OBJDIR ".libs/"
| #define ZBAR_VERSION_MAJOR 0
| #define ZBAR_VERSION_MINOR 10
| #define LIB_VERSION_MAJOR 0
| #define LIB_VERSION_MINOR 2
| #define LIB_VERSION_REVISION 0
| /* end confdefs.h.  */
| #include <ac_nonexistent.h>
configure:10611: result: g++ -E
configure:10640: g++ -E  conftest.cpp
configure:10647: $? = 0
configure:10678: g++ -E  conftest.cpp
conftest.cpp:27:10: fatal error: ac_nonexistent.h: No such file or directory
 #include <ac_nonexistent.h>
          ^~~~~~~~~~~~~~~~~~
compilation terminated.
configure:10685: $? = 1
configure: failed program was:
| /* confdefs.h.  */
| #define PACKAGE_NAME "zbar"
| #define PACKAGE_TARNAME "zbar"
| #define PACKAGE_VERSION "0.10"
| #define PACKAGE_STRING "zbar 0.10"
| #define PACKAGE_BUGREPORT "spadix@users.sourceforge.net"
| #define PACKAGE "zbar"
| #define VERSION "0.10"
| #define STDC_HEADERS 1
| #define HAVE_SYS_TYPES_H 1
| #define HAVE_SYS_STAT_H 1
| #define HAVE_STDLIB_H 1
| #define HAVE_STRING_H 1
| #define HAVE_MEMORY_H 1
| #define HAVE_STRINGS_H 1
| #define HAVE_INTTYPES_H 1
| #define HAVE_STDINT_H 1
| #define HAVE_UNISTD_H 1
| #define HAVE_DLFCN_H 1
| #define LT_OBJDIR ".libs/"
| #define ZBAR_VERSION_MAJOR 0
| #define ZBAR_VERSION_MINOR 10
| #define LIB_VERSION_MAJOR 0
| #define LIB_VERSION_MINOR 2
| #define LIB_VERSION_REVISION 0
| /* end confdefs.h.  */
| #include <ac_nonexistent.h>
configure:10861: checking for ld used by g++
configure:10928: result: /usr/bin/ld
configure:10937: checking if the linker (/usr/bin/ld) is GNU ld
configure:10952: result: yes
configure:11007: checking whether the g++ linker (/usr/bin/ld) supports shared libraries
configure:11982: result: yes
configure:12010: g++ -c -g -O2  conftest.cpp >&5
configure:12013: $? = 0
configure:12195: checking for g++ option to produce PIC
configure:12512: result: -fPIC -DPIC
configure:12521: checking if g++ PIC flag -fPIC -DPIC works
configure:15719: g++ -c -g -O2  -fPIC -DPIC -DPIC conftest.cpp >&5
configure:15723: $? = 0
configure:12556: result: yes
configure:12577: checking if g++ static flag -static works
configure:12605: result: yes
configure:12617: checking if g++ supports -c -o file.o
configure:15818: g++ -c -g -O2  -o out/conftest2.o conftest.cpp >&5
configure:15822: $? = 0
configure:12664: result: yes
configure:12669: checking if g++ supports -c -o file.o
configure:12716: result: yes
configure:12746: checking whether the g++ linker (/usr/bin/ld) supports shared libraries
configure:12772: result: yes
configure:12909: checking dynamic linker characteristics
configure:13313: g++ -o conftest -g -O2   -Wl,-rpath -Wl,/foo conftest.cpp  >&5
configure:13320: $? = 0
configure:13553: result: GNU/Linux ld.so
configure:13604: checking how to hardcode library paths into programs
configure:13629: result: immediate
configure:12698: checking for pkg-config
configure:12716: found /usr/bin/pkg-config
configure:12728: result: /usr/bin/pkg-config
configure:12753: checking pkg-config is at least version 0.9.0
configure:12756: result: yes
configure:12772: checking for xmlto
configure:12802: result: no
configure:12822: checking whether to build EAN symbologies
configure:12844: result: yes
configure:12848: checking whether to build Code 128 symbology
configure:12870: result: yes
configure:12874: checking whether to build Code 39 symbology
configure:12896: result: yes
configure:12900: checking whether to build PDF417 symbology
configure:12922: result: no
configure:12926: checking whether to build Interleaved 2 of 5 symbology
configure:12948: result: yes
configure:12952: checking whether to build QR Code
configure:12974: result: yes
configure:12979: checking for library containing clock_gettime
configure:13020: gcc -o conftest -g -O2   conftest.c  >&5
configure:13027: $? = 0
configure:13058: result: none required
configure:13106: checking for ld used by GCC
configure:13170: result: /usr/bin/ld
configure:13179: checking if the linker (/usr/bin/ld) is GNU ld
configure:13192: result: yes
configure:13199: checking for shared library run path origin
configure:13212: result: done
configure:13720: checking for iconv
configure:13752: gcc -o conftest -g -O2   conftest.c  >&5
configure:13759: $? = 0
configure:13836: result: yes
configure:13839: checking for working iconv
configure:13925: gcc -o conftest -g -O2   conftest.c  >&5
configure:13929: $? = 0
configure:13935: ./conftest
configure:13939: $? = 0
configure:13958: result: yes
configure:13988: checking for iconv declaration
configure:14027: gcc -c -g -O2  conftest.c >&5
configure:14034: $? = 0
configure:14053: result: 
         extern size_t iconv (iconv_t cd, char * *inbuf, size_t *inbytesleft, char * *outbuf, size_t *outbytesleft);
configure:14081: checking poll.h usability
configure:14098: gcc -c -g -O2  conftest.c >&5
configure:14105: $? = 0
configure:14119: result: yes
configure:14123: checking poll.h presence
configure:14138: gcc -E  conftest.c
configure:14145: $? = 0
configure:14159: result: yes
configure:14192: checking for poll.h
configure:14201: result: yes
configure:14259: checking pthread.h usability
configure:14276: gcc -c -g -O2  conftest.c >&5
configure:14283: $? = 0
configure:14297: result: yes
configure:14301: checking pthread.h presence
configure:14316: gcc -E  conftest.c
configure:14323: $? = 0
configure:14337: result: yes
configure:14370: checking for pthread.h
configure:14379: result: yes
configure:14405: checking for pthread_create in -lpthread
configure:14440: gcc -o conftest -g -O2   conftest.c -lpthread   >&5
configure:14447: $? = 0
configure:14468: result: yes
configure:15022: checking for X
configure:15137: gcc -E  conftest.c
configure:15144: $? = 0
configure:15193: gcc -o conftest -g -O2   conftest.c -lX11 -lpthread  >&5
configure:15200: $? = 0
configure:15262: result: libraries , headers 
configure:15434: gcc -o conftest -g -O2   conftest.c -lpthread   -lX11 >&5
configure:15441: $? = 0
configure:15609: checking for gethostbyname
configure:15665: gcc -o conftest -g -O2   conftest.c -lpthread  >&5
configure:15672: $? = 0
configure:15692: result: yes
configure:15845: checking for connect
configure:15901: gcc -o conftest -g -O2   conftest.c -lpthread  >&5
configure:15908: $? = 0
configure:15928: result: yes
configure:16004: checking for remove
configure:16060: gcc -o conftest -g -O2   conftest.c -lpthread  >&5
configure:16067: $? = 0
configure:16087: result: yes
configure:16163: checking for shmat
configure:16219: gcc -o conftest -g -O2   conftest.c -lpthread  >&5
configure:16226: $? = 0
configure:16246: result: yes
configure:16331: checking for IceConnectionNumber in -lICE
configure:16366: gcc -o conftest -g -O2   conftest.c -lICE  -lpthread  >&5
configure:16373: $? = 0
configure:16394: result: yes
configure:16435: checking for X11/extensions/XShm.h
configure:16459: gcc -c -g -O2  conftest.c >&5
configure:16466: $? = 0
configure:16483: result: yes
configure:16514: checking for XShmQueryVersion in -lXext
configure:16549: gcc -o conftest -g -O2   conftest.c -lXext   -lSM -lICE -lX11  -lXext -lpthread  >&5
configure:16556: $? = 0
configure:16577: result: yes
configure:16627: checking for X11/extensions/Xvlib.h
configure:16649: gcc -c -g -O2  conftest.c >&5
conftest.c:42:10: fatal error: X11/extensions/Xvlib.h: No such file or directory
 #include <X11/extensions/Xvlib.h>
          ^~~~~~~~~~~~~~~~~~~~~~~~
compilation terminated.
configure:16656: $? = 1
configure: failed program was:
| /* confdefs.h.  */
| #define PACKAGE_NAME "zbar"
| #define PACKAGE_TARNAME "zbar"
| #define PACKAGE_VERSION "0.10"
| #define PACKAGE_STRING "zbar 0.10"
| #define PACKAGE_BUGREPORT "spadix@users.sourceforge.net"
| #define PACKAGE "zbar"
| #define VERSION "0.10"
| #define STDC_HEADERS 1
| #define HAVE_SYS_TYPES_H 1
| #define HAVE_SYS_STAT_H 1
| #define HAVE_STDLIB_H 1
| #define HAVE_STRING_H 1
| #define HAVE_MEMORY_H 1
| #define HAVE_STRINGS_H 1
| #define HAVE_INTTYPES_H 1
| #define HAVE_STDINT_H 1
| #define HAVE_UNISTD_H 1
| #define HAVE_DLFCN_H 1
| #define LT_OBJDIR ".libs/"
| #define ZBAR_VERSION_MAJOR 0
| #define ZBAR_VERSION_MINOR 10
| #define LIB_VERSION_MAJOR 0
| #define LIB_VERSION_MINOR 2
| #define LIB_VERSION_REVISION 0
| #define ENABLE_EAN 1
| #define ENABLE_CODE128 1
| #define ENABLE_CODE39 1
| #define ENABLE_I25 1
| #define ENABLE_QRCODE 1
| #define HAVE_ICONV 1
| #define ICONV_CONST 
| #define HAVE_POLL_H 1
| #define HAVE_PTHREAD_H 1
| #define HAVE_LIBPTHREAD 1
| #define __USE_UNIX98 1
| #define HAVE_X11_EXTENSIONS_XSHM_H 1
| /* end confdefs.h.  */
| #include <X11/Xlib.h>
| 
| 
| #include <X11/extensions/Xvlib.h>
configure:16673: result: no
configure:16825: checking jpeglib.h usability
configure:16842: gcc -c -g -O2  conftest.c >&5
configure:16849: $? = 0
configure:16863: result: yes
configure:16867: checking jpeglib.h presence
configure:16882: gcc -E  conftest.c
configure:16889: $? = 0
configure:16903: result: yes
configure:16936: checking for jpeglib.h
configure:16945: result: yes
configure:16972: checking jerror.h usability
configure:16989: gcc -c -g -O2  conftest.c >&5
configure:16996: $? = 0
configure:17010: result: yes
configure:17014: checking jerror.h presence
configure:17029: gcc -E  conftest.c
configure:17036: $? = 0
configure:17050: result: yes
configure:17083: checking for jerror.h
configure:17090: result: yes
configure:17102: checking for jpeg_read_header in -ljpeg
configure:17137: gcc -o conftest -g -O2   conftest.c -ljpeg  -lpthread  >&5
configure:17144: $? = 0
configure:17165: result: yes
configure:17853: checking for GTK
configure:17860: $PKG_CONFIG --exists --print-errors "gtk+-2.0 gthread-2.0"
configure:17863: $? = 0
configure:17876: $PKG_CONFIG --exists --print-errors "gtk+-2.0 gthread-2.0"
configure:17879: $? = 0
configure:17956: result: yes
configure:17962: using GTK+ version 2.24.32
configure:17965: using gthread-2.0 version 2.58.3
configure:18029: checking for a Python interpreter with version >= 2.3.5
configure:18044: python -c import sys, string # split strings by '.' and convert to numeric. Append some zeros # because we need at least 4 digits for the hex conversion. minver = map(int, string.split('2.3.5', '.')) + [0, 0, 0] minverhex = 0 for i in xrange(0, 4): minverhex = (minverhex << 8) + minver[i] sys.exit(sys.hexversion < minverhex)
configure:18047: $? = 0
configure:18054: result: python
configure:18062: checking for python
configure:18080: found /usr/bin/python
configure:18092: result: /usr/bin/python
configure:18112: checking for python version
configure:18119: result: 2.7
configure:18131: checking for python platform
configure:18138: result: linux2
configure:18145: checking for python script directory
configure:18153: result: ${prefix}/lib/python2.7/site-packages
configure:18162: checking for python extension module directory
configure:18170: result: ${exec_prefix}/lib/python2.7/site-packages
configure:18197: checking for PYGTK
configure:18204: $PKG_CONFIG --exists --print-errors "pygtk-2.0"
configure:18207: $? = 0
configure:18220: $PKG_CONFIG --exists --print-errors "pygtk-2.0"
configure:18223: $? = 0
configure:18300: result: yes
configure:18308: checking for pygtk-codegen-2.0
configure:18324: found /usr/bin/pygtk-codegen-2.0
configure:18335: result: pygtk-codegen-2.0
configure:18391: checking for QT
configure:18398: $PKG_CONFIG --exists --print-errors "QtCore >= 4 QtGui >= 4"
configure:18401: $? = 0
configure:18414: $PKG_CONFIG --exists --print-errors "QtCore >= 4 QtGui >= 4"
configure:18417: $? = 0
configure:18494: result: yes
configure:18499: using moc from /usr/lib/arm-linux-gnueabihf/qt4/bin/moc
configure:18502: using Qt version 4.8.7
configure:18519: checking whether to enable assertions
configure:18531: result: yes
configure:18564: checking fcntl.h usability
configure:18581: gcc -c -g -O2  conftest.c >&5
configure:18588: $? = 0
configure:18602: result: yes
configure:18606: checking fcntl.h presence
configure:18621: gcc -E  conftest.c
configure:18628: $? = 0
configure:18642: result: yes
configure:18675: checking for fcntl.h
configure:18684: result: yes
configure:18564: checking features.h usability
configure:18581: gcc -c -g -O2  conftest.c >&5
configure:18588: $? = 0
configure:18602: result: yes
configure:18606: checking features.h presence
configure:18621: gcc -E  conftest.c
configure:18628: $? = 0
configure:18642: result: yes
configure:18675: checking for features.h
configure:18684: result: yes
configure:18553: checking for inttypes.h
configure:18560: result: yes
configure:18553: checking for stdlib.h
configure:18560: result: yes
configure:18553: checking for string.h
configure:18560: result: yes
configure:18553: checking for unistd.h
configure:18560: result: yes
configure:18564: checking sys/ioctl.h usability
configure:18581: gcc -c -g -O2  conftest.c >&5
configure:18588: $? = 0
configure:18602: result: yes
configure:18606: checking sys/ioctl.h presence
configure:18621: gcc -E  conftest.c
configure:18628: $? = 0
configure:18642: result: yes
configure:18675: checking for sys/ioctl.h
configure:18684: result: yes
configure:18564: checking sys/time.h usability
configure:18581: gcc -c -g -O2  conftest.c >&5
configure:18588: $? = 0
configure:18602: result: yes
configure:18606: checking sys/time.h presence
configure:18621: gcc -E  conftest.c
configure:18628: $? = 0
configure:18642: result: yes
configure:18675: checking for sys/time.h
configure:18684: result: yes
configure:18564: checking sys/times.h usability
configure:18581: gcc -c -g -O2  conftest.c >&5
configure:18588: $? = 0
configure:18602: result: yes
configure:18606: checking sys/times.h presence
configure:18621: gcc -E  conftest.c
configure:18628: $? = 0
configure:18642: result: yes
configure:18675: checking for sys/times.h
configure:18684: result: yes
configure:18564: checking sys/ipc.h usability
configure:18581: gcc -c -g -O2  conftest.c >&5
configure:18588: $? = 0
configure:18602: result: yes
configure:18606: checking sys/ipc.h presence
configure:18621: gcc -E  conftest.c
configure:18628: $? = 0
configure:18642: result: yes
configure:18675: checking for sys/ipc.h
configure:18684: result: yes
configure:18564: checking sys/shm.h usability
configure:18581: gcc -c -g -O2  conftest.c >&5
configure:18588: $? = 0
configure:18602: result: yes
configure:18606: checking sys/shm.h presence
configure:18621: gcc -E  conftest.c
configure:18628: $? = 0
configure:18642: result: yes
configure:18675: checking for sys/shm.h
configure:18684: result: yes
configure:18564: checking sys/mman.h usability
configure:18581: gcc -c -g -O2  conftest.c >&5
configure:18588: $? = 0
configure:18602: result: yes
configure:18606: checking sys/mman.h presence
configure:18621: gcc -E  conftest.c
configure:18628: $? = 0
configure:18642: result: yes
configure:18675: checking for sys/mman.h
configure:18684: result: yes
configure:18702: checking for int32_t
configure:18733: gcc -c -g -O2  conftest.c >&5
configure:18740: $? = 0
configure:18769: gcc -c -g -O2  conftest.c >&5
conftest.c: In function 'main':
conftest.c:90:53: warning: integer overflow in expression of type 'int' results in '-2147483648' [-Woverflow]
    < (int32_t) ((((int32_t) 1 << (32 - 2)) - 1) * 2 + 2))];
                                                     ^
conftest.c:89:12: error: storage size of 'test_array' isn't constant
 static int test_array [1 - 2 * !((int32_t) ((((int32_t) 1 << (32 - 2)) - 1) * 2 + 1)
            ^~~~~~~~~~
configure:18776: $? = 1
configure: failed program was:
| /* confdefs.h.  */
| #define PACKAGE_NAME "zbar"
| #define PACKAGE_TARNAME "zbar"
| #define PACKAGE_VERSION "0.10"
| #define PACKAGE_STRING "zbar 0.10"
| #define PACKAGE_BUGREPORT "spadix@users.sourceforge.net"
| #define PACKAGE "zbar"
| #define VERSION "0.10"
| #define STDC_HEADERS 1
| #define HAVE_SYS_TYPES_H 1
| #define HAVE_SYS_STAT_H 1
| #define HAVE_STDLIB_H 1
| #define HAVE_STRING_H 1
| #define HAVE_MEMORY_H 1
| #define HAVE_STRINGS_H 1
| #define HAVE_INTTYPES_H 1
| #define HAVE_STDINT_H 1
| #define HAVE_UNISTD_H 1
| #define HAVE_DLFCN_H 1
| #define LT_OBJDIR ".libs/"
| #define ZBAR_VERSION_MAJOR 0
| #define ZBAR_VERSION_MINOR 10
| #define LIB_VERSION_MAJOR 0
| #define LIB_VERSION_MINOR 2
| #define LIB_VERSION_REVISION 0
| #define ENABLE_EAN 1
| #define ENABLE_CODE128 1
| #define ENABLE_CODE39 1
| #define ENABLE_I25 1
| #define ENABLE_QRCODE 1
| #define HAVE_ICONV 1
| #define ICONV_CONST 
| #define HAVE_POLL_H 1
| #define HAVE_PTHREAD_H 1
| #define HAVE_LIBPTHREAD 1
| #define __USE_UNIX98 1
| #define HAVE_X11_EXTENSIONS_XSHM_H 1
| #define HAVE_JPEGLIB_H 1
| #define HAVE_LIBJPEG 1
| #define HAVE_FCNTL_H 1
| #define HAVE_FEATURES_H 1
| #define HAVE_INTTYPES_H 1
| #define HAVE_STDLIB_H 1
| #define HAVE_STRING_H 1
| #define HAVE_UNISTD_H 1
| #define HAVE_SYS_IOCTL_H 1
| #define HAVE_SYS_TIME_H 1
| #define HAVE_SYS_TIMES_H 1
| #define HAVE_SYS_IPC_H 1
| #define HAVE_SYS_SHM_H 1
| #define HAVE_SYS_MMAN_H 1
| /* end confdefs.h.  */
| #include <stdio.h>
| #ifdef HAVE_SYS_TYPES_H
| # include <sys/types.h>
| #endif
| #ifdef HAVE_SYS_STAT_H
| # include <sys/stat.h>
| #endif
| #ifdef STDC_HEADERS
| # include <stdlib.h>
| # include <stddef.h>
| #else
| # ifdef HAVE_STDLIB_H
| #  include <stdlib.h>
| # endif
| #endif
| #ifdef HAVE_STRING_H
| # if !defined STDC_HEADERS && defined HAVE_MEMORY_H
| #  include <memory.h>
| # endif
| # include <string.h>
| #endif
| #ifdef HAVE_STRINGS_H
| # include <strings.h>
| #endif
| #ifdef HAVE_INTTYPES_H
| # include <inttypes.h>
| #endif
| #ifdef HAVE_STDINT_H
| # include <stdint.h>
| #endif
| #ifdef HAVE_UNISTD_H
| # include <unistd.h>
| #endif
| int
| main ()
| {
| static int test_array [1 - 2 * !((int32_t) ((((int32_t) 1 << (32 - 2)) - 1) * 2 + 1)
| 		 < (int32_t) ((((int32_t) 1 << (32 - 2)) - 1) * 2 + 2))];
| test_array [0] = 0
| 
|   ;
|   return 0;
| }
configure:18805: result: yes
configure:18818: checking for uint32_t
configure:18849: gcc -c -g -O2  conftest.c >&5
configure:18856: $? = 0
configure:18877: result: yes
configure:18895: checking for uint8_t
configure:18926: gcc -c -g -O2  conftest.c >&5
configure:18933: $? = 0
configure:18954: result: yes
configure:18972: checking for uintptr_t
configure:19000: gcc -c -g -O2  conftest.c >&5
configure:19007: $? = 0
configure:19034: gcc -c -g -O2  conftest.c >&5
conftest.c: In function 'main':
conftest.c:89:24: error: expected expression before ')' token
 if (sizeof ((uintptr_t)))
                        ^
configure:19041: $? = 1
configure: failed program was:
| /* confdefs.h.  */
| #define PACKAGE_NAME "zbar"
| #define PACKAGE_TARNAME "zbar"
| #define PACKAGE_VERSION "0.10"
| #define PACKAGE_STRING "zbar 0.10"
| #define PACKAGE_BUGREPORT "spadix@users.sourceforge.net"
| #define PACKAGE "zbar"
| #define VERSION "0.10"
| #define STDC_HEADERS 1
| #define HAVE_SYS_TYPES_H 1
| #define HAVE_SYS_STAT_H 1
| #define HAVE_STDLIB_H 1
| #define HAVE_STRING_H 1
| #define HAVE_MEMORY_H 1
| #define HAVE_STRINGS_H 1
| #define HAVE_INTTYPES_H 1
| #define HAVE_STDINT_H 1
| #define HAVE_UNISTD_H 1
| #define HAVE_DLFCN_H 1
| #define LT_OBJDIR ".libs/"
| #define ZBAR_VERSION_MAJOR 0
| #define ZBAR_VERSION_MINOR 10
| #define LIB_VERSION_MAJOR 0
| #define LIB_VERSION_MINOR 2
| #define LIB_VERSION_REVISION 0
| #define ENABLE_EAN 1
| #define ENABLE_CODE128 1
| #define ENABLE_CODE39 1
| #define ENABLE_I25 1
| #define ENABLE_QRCODE 1
| #define HAVE_ICONV 1
| #define ICONV_CONST 
| #define HAVE_POLL_H 1
| #define HAVE_PTHREAD_H 1
| #define HAVE_LIBPTHREAD 1
| #define __USE_UNIX98 1
| #define HAVE_X11_EXTENSIONS_XSHM_H 1
| #define HAVE_JPEGLIB_H 1
| #define HAVE_LIBJPEG 1
| #define HAVE_FCNTL_H 1
| #define HAVE_FEATURES_H 1
| #define HAVE_INTTYPES_H 1
| #define HAVE_STDLIB_H 1
| #define HAVE_STRING_H 1
| #define HAVE_UNISTD_H 1
| #define HAVE_SYS_IOCTL_H 1
| #define HAVE_SYS_TIME_H 1
| #define HAVE_SYS_TIMES_H 1
| #define HAVE_SYS_IPC_H 1
| #define HAVE_SYS_SHM_H 1
| #define HAVE_SYS_MMAN_H 1
| /* end confdefs.h.  */
| #include <stdio.h>
| #ifdef HAVE_SYS_TYPES_H
| # include <sys/types.h>
| #endif
| #ifdef HAVE_SYS_STAT_H
| # include <sys/stat.h>
| #endif
| #ifdef STDC_HEADERS
| # include <stdlib.h>
| # include <stddef.h>
| #else
| # ifdef HAVE_STDLIB_H
| #  include <stdlib.h>
| # endif
| #endif
| #ifdef HAVE_STRING_H
| # if !defined STDC_HEADERS && defined HAVE_MEMORY_H
| #  include <memory.h>
| # endif
| # include <string.h>
| #endif
| #ifdef HAVE_STRINGS_H
| # include <strings.h>
| #endif
| #ifdef HAVE_INTTYPES_H
| # include <inttypes.h>
| #endif
| #ifdef HAVE_STDINT_H
| # include <stdint.h>
| #endif
| #ifdef HAVE_UNISTD_H
| # include <unistd.h>
| #endif
| int
| main ()
| {
| if (sizeof ((uintptr_t)))
| 	  return 0;
|   ;
|   return 0;
| }
configure:19064: result: yes
configure:19131: checking for an ANSI C-conforming const
configure:19206: gcc -c -g -O2  conftest.c >&5
configure:19213: $? = 0
configure:19228: result: yes
configure:19238: checking for inline
configure:19264: gcc -c -g -O2  conftest.c >&5
configure:19271: $? = 0
configure:19289: result: inline
configure:19316: checking for stdlib.h
configure:19323: result: yes
configure:19316: checking for unistd.h
configure:19323: result: yes
configure:19466: checking for getpagesize
configure:19522: gcc -o conftest -g -O2   conftest.c -ljpeg -lpthread  >&5
configure:19529: $? = 0
configure:19551: result: yes
configure:19563: checking for working mmap
configure:19710: gcc -o conftest -g -O2   conftest.c -ljpeg -lpthread  >&5
configure:19714: $? = 0
configure:19720: ./conftest
configure:19724: $? = 0
configure:19741: result: yes
configure:19758: checking for memset
configure:19814: gcc -o conftest -g -O2   conftest.c -ljpeg -lpthread  >&5
conftest.c:81:6: warning: conflicting types for built-in function 'memset' [-Wbuiltin-declaration-mismatch]
 char memset ();
      ^~~~~~
configure:19821: $? = 0
configure:19843: result: yes
configure:19758: checking for atexit
configure:19814: gcc -o conftest -g -O2   conftest.c -ljpeg -lpthread  >&5
configure:19821: $? = 0
configure:19843: result: yes
configure:19758: checking for setenv
configure:19814: gcc -o conftest -g -O2   conftest.c -ljpeg -lpthread  >&5
configure:19821: $? = 0
configure:19843: result: yes
configure:20133: creating ./config.status

## ---------------------- ##
## Running config.status. ##
## ---------------------- ##

This file was extended by zbar config.status 0.10, which was
generated by GNU Autoconf 2.63.  Invocation command line was

  CONFIG_FILES    = 
  CONFIG_HEADERS  = 
  CONFIG_LINKS    = 
  CONFIG_COMMANDS = 
  $ ./config.status 

on raspberrypi

config.status:1235: creating Makefile
config.status:1235: creating zbar.pc
config.status:1235: creating zbar-gtk.pc
config.status:1235: creating zbar-qt.pc
config.status:1235: creating doc/doxygen.conf
config.status:1235: creating include/config.h
config.status:1502: executing depfiles commands
config.status:1502: executing libtool commands
config.status:1502: executing doc/version.xml commands
config.status:1502: executing doc/reldate.xml commands

## ---------------- ##
## Cache variables. ##
## ---------------- ##

ac_cv_build=armv7l-unknown-linux-gnueabi
ac_cv_c_compiler_gnu=yes
ac_cv_c_const=yes
ac_cv_c_inline=inline
ac_cv_c_int32_t=yes
ac_cv_c_uint32_t=yes
ac_cv_c_uint8_t=yes
ac_cv_cxx_compiler_gnu=yes
ac_cv_env_CCC_set=
ac_cv_env_CCC_value=
ac_cv_env_CC_set=
ac_cv_env_CC_value=
ac_cv_env_CFLAGS_set=
ac_cv_env_CFLAGS_value=
ac_cv_env_CPPFLAGS_set=
ac_cv_env_CPPFLAGS_value=
ac_cv_env_CPP_set=
ac_cv_env_CPP_value=
ac_cv_env_CXXCPP_set=
ac_cv_env_CXXCPP_value=
ac_cv_env_CXXFLAGS_set=
ac_cv_env_CXXFLAGS_value=
ac_cv_env_CXX_set=
ac_cv_env_CXX_value=
ac_cv_env_GLIB_GENMARSHAL_set=
ac_cv_env_GLIB_GENMARSHAL_value=
ac_cv_env_GTK_CFLAGS_set=
ac_cv_env_GTK_CFLAGS_value=
ac_cv_env_GTK_LIBS_set=
ac_cv_env_GTK_LIBS_value=
ac_cv_env_LDFLAGS_set=
ac_cv_env_LDFLAGS_value=
ac_cv_env_LIBS_set=
ac_cv_env_LIBS_value=
ac_cv_env_MAGICK_CFLAGS_set=
ac_cv_env_MAGICK_CFLAGS_value=
ac_cv_env_MAGICK_LIBS_set=
ac_cv_env_MAGICK_LIBS_value=
ac_cv_env_MOC_set=
ac_cv_env_MOC_value=
ac_cv_env_NPAPI_CFLAGS_set=
ac_cv_env_NPAPI_CFLAGS_value=
ac_cv_env_NPAPI_LIBS_set=
ac_cv_env_NPAPI_LIBS_value=
ac_cv_env_PKG_CONFIG_set=
ac_cv_env_PKG_CONFIG_value=
ac_cv_env_PYGTK_CFLAGS_set=
ac_cv_env_PYGTK_CFLAGS_value=
ac_cv_env_PYGTK_CODEGEN_set=
ac_cv_env_PYGTK_CODEGEN_value=
ac_cv_env_PYGTK_DEFS_set=
ac_cv_env_PYGTK_DEFS_value=
ac_cv_env_PYGTK_H2DEF_set=
ac_cv_env_PYGTK_H2DEF_value=
ac_cv_env_PYGTK_LIBS_set=
ac_cv_env_PYGTK_LIBS_value=
ac_cv_env_PYTHON_CFLAGS_set=
ac_cv_env_PYTHON_CFLAGS_value=
ac_cv_env_PYTHON_CONFIG_set=
ac_cv_env_PYTHON_CONFIG_value=
ac_cv_env_PYTHON_LIBS_set=
ac_cv_env_PYTHON_LIBS_value=
ac_cv_env_QT_CFLAGS_set=
ac_cv_env_QT_CFLAGS_value=
ac_cv_env_QT_LIBS_set=
ac_cv_env_QT_LIBS_value=
ac_cv_env_XMKMF_set=
ac_cv_env_XMKMF_value=
ac_cv_env_XMLTOFLAGS_set=
ac_cv_env_XMLTOFLAGS_value=
ac_cv_env_XMLTO_set=
ac_cv_env_XMLTO_value=
ac_cv_env_XSHM_LIBS_set=
ac_cv_env_XSHM_LIBS_value=
ac_cv_env_XV_LIBS_set=
ac_cv_env_XV_LIBS_value=
ac_cv_env_build_alias_set=
ac_cv_env_build_alias_value=
ac_cv_env_host_alias_set=
ac_cv_env_host_alias_value=
ac_cv_env_target_alias_set=
ac_cv_env_target_alias_value=
ac_cv_func_atexit=yes
ac_cv_func_connect=yes
ac_cv_func_dlopen=no
ac_cv_func_gethostbyname=yes
ac_cv_func_getpagesize=yes
ac_cv_func_memset=yes
ac_cv_func_mmap_fixed_mapped=yes
ac_cv_func_remove=yes
ac_cv_func_setenv=yes
ac_cv_func_shl_load=no
ac_cv_func_shmat=yes
ac_cv_have_x='have_x=yes	ac_x_includes='\'''\''	ac_x_libraries='\'''\'''
ac_cv_header_X11_extensions_XShm_h=yes
ac_cv_header_X11_extensions_Xvlib_h=no
ac_cv_header_dlfcn_h=yes
ac_cv_header_fcntl_h=yes
ac_cv_header_features_h=yes
ac_cv_header_inttypes_h=yes
ac_cv_header_jerror_h=yes
ac_cv_header_jpeglib_h=yes
ac_cv_header_memory_h=yes
ac_cv_header_poll_h=yes
ac_cv_header_pthread_h=yes
ac_cv_header_stdc=yes
ac_cv_header_stdint_h=yes
ac_cv_header_stdlib_h=yes
ac_cv_header_string_h=yes
ac_cv_header_strings_h=yes
ac_cv_header_sys_ioctl_h=yes
ac_cv_header_sys_ipc_h=yes
ac_cv_header_sys_mman_h=yes
ac_cv_header_sys_shm_h=yes
ac_cv_header_sys_stat_h=yes
ac_cv_header_sys_time_h=yes
ac_cv_header_sys_times_h=yes
ac_cv_header_sys_types_h=yes
ac_cv_header_unistd_h=yes
ac_cv_host=armv7l-unknown-linux-gnueabi
ac_cv_lib_ICE_IceConnectionNumber=yes
ac_cv_lib_Xext_XShmQueryVersion=yes
ac_cv_lib_dl_dlopen=yes
ac_cv_lib_dld_shl_load=no
ac_cv_lib_jpeg_jpeg_read_header=yes
ac_cv_lib_pthread_pthread_create=yes
ac_cv_objext=o
ac_cv_path_EGREP='/bin/grep -E'
ac_cv_path_FGREP='/bin/grep -F'
ac_cv_path_GREP=/bin/grep
ac_cv_path_PYTHON=/usr/bin/python
ac_cv_path_SED=/bin/sed
ac_cv_path_ac_pt_PKG_CONFIG=/usr/bin/pkg-config
ac_cv_path_install='/usr/bin/install -c'
ac_cv_path_mkdir=/bin/mkdir
ac_cv_prog_AWK=mawk
ac_cv_prog_CPP='gcc -E'
ac_cv_prog_CXXCPP='g++ -E'
ac_cv_prog_PYGTK_CODEGEN=pygtk-codegen-2.0
ac_cv_prog_ac_ct_AR=ar
ac_cv_prog_ac_ct_CC=gcc
ac_cv_prog_ac_ct_CXX=g++
ac_cv_prog_ac_ct_OBJDUMP=objdump
ac_cv_prog_ac_ct_RANLIB=ranlib
ac_cv_prog_ac_ct_STRIP=strip
ac_cv_prog_cc_c89=
ac_cv_prog_cc_g=yes
ac_cv_prog_cc_gcc_c_o=yes
ac_cv_prog_cxx_g=yes
ac_cv_prog_make_make_set=yes
ac_cv_search_clock_gettime='none required'
ac_cv_type_uintptr_t=yes
acl_cv_hardcode_direct=no
acl_cv_hardcode_libdir_flag_spec='${wl}-rpath ${wl}$libdir'
acl_cv_hardcode_libdir_separator=
acl_cv_hardcode_minus_L=no
acl_cv_libext=a
acl_cv_libname_spec='lib$name'
acl_cv_library_names_spec='$libname$shrext'
acl_cv_path_LD=/usr/bin/ld
acl_cv_prog_gnu_ld=yes
acl_cv_rpath=done
acl_cv_shlibext=so
acl_cv_wl=-Wl,
am_cv_CC_dependencies_compiler_type=gcc3
am_cv_CXX_dependencies_compiler_type=gcc3
am_cv_func_iconv=yes
am_cv_func_iconv_works=yes
am_cv_lib_iconv=no
am_cv_pathless_PYTHON=python
am_cv_proto_iconv='extern size_t iconv (iconv_t cd, char * *inbuf, size_t *inbytesleft, char * *outbuf, size_t *outbytesleft);'
am_cv_proto_iconv_arg1=
am_cv_python_platform=linux2
am_cv_python_pyexecdir='${exec_prefix}/lib/python2.7/site-packages'
am_cv_python_pythondir='${prefix}/lib/python2.7/site-packages'
am_cv_python_version=2.7
lt_cv_deplibs_check_method=pass_all
lt_cv_dlopen=dlopen
lt_cv_dlopen_libs=-ldl
lt_cv_dlopen_self=yes
lt_cv_dlopen_self_static=no
lt_cv_file_magic_cmd='$MAGIC_CMD'
lt_cv_file_magic_test_file=
lt_cv_ld_reload_flag=-r
lt_cv_nm_interface='BSD nm'
lt_cv_objdir=.libs
lt_cv_path_LD=/usr/bin/ld
lt_cv_path_LDCXX=/usr/bin/ld
lt_cv_path_NM='/usr/bin/nm -B'
lt_cv_prog_compiler_c_o=yes
lt_cv_prog_compiler_c_o_CXX=yes
lt_cv_prog_compiler_c_o_RC=yes
lt_cv_prog_compiler_pic_works=yes
lt_cv_prog_compiler_pic_works_CXX=yes
lt_cv_prog_compiler_rtti_exceptions=no
lt_cv_prog_compiler_static_works=yes
lt_cv_prog_compiler_static_works_CXX=yes
lt_cv_prog_gnu_ld=yes
lt_cv_prog_gnu_ldcxx=yes
lt_cv_sys_global_symbol_pipe='sed -n -e '\''s/^.*[	 ]\([ABCDGIRSTW][ABCDGIRSTW]*\)[	 ][	 ]*\([_A-Za-z][_A-Za-z0-9]*\)$/\1 \2 \2/p'\'''
lt_cv_sys_global_symbol_to_c_name_address='sed -n -e '\''s/^: \([^ ]*\) $/  {\"\1\", (void *) 0},/p'\'' -e '\''s/^[ABCDGIRSTW]* \([^ ]*\) \([^ ]*\)$/  {"\2", (void *) \&\2},/p'\'''
lt_cv_sys_global_symbol_to_c_name_address_lib_prefix='sed -n -e '\''s/^: \([^ ]*\) $/  {\"\1\", (void *) 0},/p'\'' -e '\''s/^[ABCDGIRSTW]* \([^ ]*\) \(lib[^ ]*\)$/  {"\2", (void *) \&\2},/p'\'' -e '\''s/^[ABCDGIRSTW]* \([^ ]*\) \([^ ]*\)$/  {"lib\2", (void *) \&\2},/p'\'''
lt_cv_sys_global_symbol_to_cdecl='sed -n -e '\''s/^T .* \(.*\)$/extern int \1();/p'\'' -e '\''s/^[ABCDGIRSTW]* .* \(.*\)$/extern char \1;/p'\'''
lt_cv_sys_max_cmd_len=1572864
pkg_cv_GTK_CFLAGS='-pthread -I/usr/include/gtk-2.0 -I/usr/lib/arm-linux-gnueabihf/gtk-2.0/include -I/usr/include/gio-unix-2.0 -I/usr/include/cairo -I/usr/include/pango-1.0 -I/usr/include/atk-1.0 -I/usr/include/cairo -I/usr/include/pixman-1 -I/usr/include/gdk-pixbuf-2.0 -I/usr/include/libmount -I/usr/include/blkid -I/usr/include/pango-1.0 -I/usr/include/harfbuzz -I/usr/include/pango-1.0 -I/usr/include/fribidi -I/usr/include/uuid -I/usr/include/freetype2 -I/usr/include/libpng16 -I/usr/include/glib-2.0 -I/usr/lib/arm-linux-gnueabihf/glib-2.0/include'
pkg_cv_GTK_LIBS='-lgtk-x11-2.0 -lgdk-x11-2.0 -lpangocairo-1.0 -latk-1.0 -lcairo -lgdk_pixbuf-2.0 -lgio-2.0 -lpangoft2-1.0 -lpango-1.0 -lgobject-2.0 -lfontconfig -lfreetype -lgthread-2.0 -pthread -lglib-2.0'
pkg_cv_PYGTK_CFLAGS='-pthread -I/usr/include/gtk-2.0 -I/usr/lib/arm-linux-gnueabihf/gtk-2.0/include -I/usr/include/gio-unix-2.0 -I/usr/include/cairo -I/usr/include/pango-1.0 -I/usr/include/atk-1.0 -I/usr/include/cairo -I/usr/include/pixman-1 -I/usr/include/gdk-pixbuf-2.0 -I/usr/include/libmount -I/usr/include/blkid -I/usr/include/pango-1.0 -I/usr/include/harfbuzz -I/usr/include/pango-1.0 -I/usr/include/fribidi -I/usr/include/glib-2.0 -I/usr/lib/arm-linux-gnueabihf/glib-2.0/include -I/usr/include/uuid -I/usr/include/freetype2 -I/usr/include/libpng16 -I/usr/include/pygtk-2.0'
pkg_cv_PYGTK_LIBS='-lgtk-x11-2.0 -lgdk-x11-2.0 -lpangocairo-1.0 -latk-1.0 -lcairo -lgdk_pixbuf-2.0 -lgio-2.0 -lpangoft2-1.0 -lpango-1.0 -lgobject-2.0 -lglib-2.0 -lfontconfig -lfreetype'
pkg_cv_QT_CFLAGS='-DQT_SHARED -I/usr/include/qt4 -I/usr/include/qt4/QtGui -I/usr/include/qt4 -I/usr/include/qt4/QtCore'
pkg_cv_QT_LIBS='-lQtGui -lQtCore'

## ----------------- ##
## Output variables. ##
## ----------------- ##

ACLOCAL='${SHELL} /home/pi/standalone/zbar-0.10/config/missing --run aclocal-1.10'
AMDEPBACKSLASH='\'
AMDEP_FALSE='#'
AMDEP_TRUE=''
AMTAR='${SHELL} /home/pi/standalone/zbar-0.10/config/missing --run tar'
AR='ar'
AS='as'
AUTOCONF='${SHELL} /home/pi/standalone/zbar-0.10/config/missing --run autoconf'
AUTOHEADER='${SHELL} /home/pi/standalone/zbar-0.10/config/missing --run autoheader'
AUTOMAKE='${SHELL} /home/pi/standalone/zbar-0.10/config/missing --run automake-1.10'
AWK='mawk'
CC='gcc'
CCDEPMODE='depmode=gcc3'
CFLAGS='-g -O2'
CPP='gcc -E'
CPPFLAGS=''
CXX='g++'
CXXCPP='g++ -E'
CXXDEPMODE='depmode=gcc3'
CXXFLAGS='-g -O2'
CYGPATH_W='echo'
DEFS='-DHAVE_CONFIG_H'
DEPDIR='.deps'
DLLTOOL='dlltool'
DSYMUTIL=''
DUMPBIN=''
ECHO_C=''
ECHO_N='-n'
ECHO_T=''
EGREP='/bin/grep -E'
ENABLE_CODE128_FALSE='#'
ENABLE_CODE128_TRUE=''
ENABLE_CODE39_FALSE='#'
ENABLE_CODE39_TRUE=''
ENABLE_EAN_FALSE='#'
ENABLE_EAN_TRUE=''
ENABLE_I25_FALSE='#'
ENABLE_I25_TRUE=''
ENABLE_PDF417_FALSE=''
ENABLE_PDF417_TRUE='#'
ENABLE_QRCODE_FALSE='#'
ENABLE_QRCODE_TRUE=''
EXEEXT=''
FGREP='/bin/grep -F'
GLIB_GENMARSHAL='/usr/bin/glib-genmarshal'
GREP='/bin/grep'
GTK_CFLAGS='-pthread -I/usr/include/gtk-2.0 -I/usr/lib/arm-linux-gnueabihf/gtk-2.0/include -I/usr/include/gio-unix-2.0 -I/usr/include/cairo -I/usr/include/pango-1.0 -I/usr/include/atk-1.0 -I/usr/include/cairo -I/usr/include/pixman-1 -I/usr/include/gdk-pixbuf-2.0 -I/usr/include/libmount -I/usr/include/blkid -I/usr/include/pango-1.0 -I/usr/include/harfbuzz -I/usr/include/pango-1.0 -I/usr/include/fribidi -I/usr/include/uuid -I/usr/include/freetype2 -I/usr/include/libpng16 -I/usr/include/glib-2.0 -I/usr/lib/arm-linux-gnueabihf/glib-2.0/include'
GTK_LIBS='-lgtk-x11-2.0 -lgdk-x11-2.0 -lpangocairo-1.0 -latk-1.0 -lcairo -lgdk_pixbuf-2.0 -lgio-2.0 -lpangoft2-1.0 -lpango-1.0 -lgobject-2.0 -lfontconfig -lfreetype -lgthread-2.0 -pthread -lglib-2.0'
HAVE_GTK_FALSE='#'
HAVE_GTK_TRUE=''
HAVE_JPEG_FALSE='#'
HAVE_JPEG_TRUE=''
HAVE_MAGICK_FALSE=''
HAVE_MAGICK_TRUE='#'
HAVE_NPAPI_FALSE=''
HAVE_NPAPI_TRUE='#'
HAVE_POLL_FALSE='#'
HAVE_POLL_TRUE=''
HAVE_PYTHON_FALSE='#'
HAVE_PYTHON_TRUE=''
HAVE_QT_FALSE='#'
HAVE_QT_TRUE=''
HAVE_V4L1_FALSE=''
HAVE_V4L1_TRUE='#'
HAVE_V4L2_FALSE=''
HAVE_V4L2_TRUE='#'
HAVE_VIDEO_FALSE=''
HAVE_VIDEO_TRUE='#'
HAVE_XSHM_FALSE='#'
HAVE_XSHM_TRUE=''
HAVE_XV_FALSE=''
HAVE_XV_TRUE='#'
HAVE_X_FALSE='#'
HAVE_X_TRUE=''
INSTALL_DATA='${INSTALL} -m 644'
INSTALL_PROGRAM='${INSTALL}'
INSTALL_SCRIPT='${INSTALL}'
INSTALL_STRIP_PROGRAM='$(install_sh) -c -s'
LD='/usr/bin/ld'
LDFLAGS=''
LIBICONV=''
LIBOBJS=''
LIBS='-ljpeg -lpthread '
LIBTOOL='$(SHELL) $(top_builddir)/libtool'
LIB_VERSION='2:0:2'
LIPO=''
LN_S='ln -s'
LTLIBICONV=''
LTLIBOBJS=''
MAGICK_CFLAGS=''
MAGICK_LIBS=''
MAKEINFO='${SHELL} /home/pi/standalone/zbar-0.10/config/missing --run makeinfo'
MKDIR_P='/bin/mkdir -p'
MOC='/usr/lib/arm-linux-gnueabihf/qt4/bin/moc'
NM='/usr/bin/nm -B'
NMEDIT=''
NPAPI_CFLAGS=''
NPAPI_LIBS=''
OBJDUMP='objdump'
OBJEXT='o'
OTOOL64=''
OTOOL=''
PACKAGE='zbar'
PACKAGE_BUGREPORT='spadix@users.sourceforge.net'
PACKAGE_NAME='zbar'
PACKAGE_STRING='zbar 0.10'
PACKAGE_TARNAME='zbar'
PACKAGE_VERSION='0.10'
PATH_SEPARATOR=':'
PKG_CONFIG='/usr/bin/pkg-config'
PYGTK_CFLAGS='-pthread -I/usr/include/gtk-2.0 -I/usr/lib/arm-linux-gnueabihf/gtk-2.0/include -I/usr/include/gio-unix-2.0 -I/usr/include/cairo -I/usr/include/pango-1.0 -I/usr/include/atk-1.0 -I/usr/include/cairo -I/usr/include/pixman-1 -I/usr/include/gdk-pixbuf-2.0 -I/usr/include/libmount -I/usr/include/blkid -I/usr/include/pango-1.0 -I/usr/include/harfbuzz -I/usr/include/pango-1.0 -I/usr/include/fribidi -I/usr/include/glib-2.0 -I/usr/lib/arm-linux-gnueabihf/glib-2.0/include -I/usr/include/uuid -I/usr/include/freetype2 -I/usr/include/libpng16 -I/usr/include/pygtk-2.0'
PYGTK_CODEGEN='pygtk-codegen-2.0'
PYGTK_DEFS='/usr/share/pygtk/2.0/defs'
PYGTK_H2DEF='/usr/share/pygobject/2.0/codegen/h2def.py'
PYGTK_LIBS='-lgtk-x11-2.0 -lgdk-x11-2.0 -lpangocairo-1.0 -latk-1.0 -lcairo -lgdk_pixbuf-2.0 -lgio-2.0 -lpangoft2-1.0 -lpango-1.0 -lgobject-2.0 -lglib-2.0 -lfontconfig -lfreetype'
PYTHON='/usr/bin/python'
PYTHON_CFLAGS='-I/usr/include/python2.7 -I/usr/include/arm-linux-gnueabihf/python2.7  -fno-strict-aliasing -Wdate-time -D_FORTIFY_SOURCE=2 -g -fdebug-prefix-map=/build/python2.7-InigCj/python2.7-2.7.16=. -fstack-protector-strong -Wformat -Werror=format-security  -DNDEBUG -g -fwrapv -O2 -Wall -Wstrict-prototypes'
PYTHON_CONFIG=''
PYTHON_EXEC_PREFIX='${exec_prefix}'
PYTHON_LIBS=''
PYTHON_PLATFORM='linux2'
PYTHON_PREFIX='${prefix}'
PYTHON_VERSION='2.7'
QT_CFLAGS='-DQT_SHARED -I/usr/include/qt4 -I/usr/include/qt4/QtGui -I/usr/include/qt4 -I/usr/include/qt4/QtCore'
QT_LIBS='-lQtGui -lQtCore'
RANLIB='ranlib'
RC=''
RELDATE='2009-10-23'
SED='/bin/sed'
SET_MAKE=''
SHELL='/bin/bash'
STRIP='strip'
VERSION='0.10'
WIN32_FALSE=''
WIN32_TRUE='#'
XMKMF=''
XMLTO=':'
XMLTOFLAGS=''
XSHM_LIBS='-lXext'
XV_LIBS='-lXv'
X_CFLAGS=''
X_EXTRA_LIBS=''
X_LIBS=''
X_PRE_LIBS=' -lSM -lICE'
ZGTK_LIB_VERSION='0:2:0'
ZQT_LIB_VERSION='0:2:0'
ac_ct_CC='gcc'
ac_ct_CXX='g++'
ac_ct_DUMPBIN=''
am__fastdepCC_FALSE='#'
am__fastdepCC_TRUE=''
am__fastdepCXX_FALSE='#'
am__fastdepCXX_TRUE=''
am__include='include'
am__isrc=' -I$(srcdir)'
am__leading_dot='.'
am__quote=''
am__tar='${AMTAR} chof - "$$tardir"'
am__untar='${AMTAR} xf -'
bindir='${exec_prefix}/bin'
build='armv7l-unknown-linux-gnueabi'
build_alias=''
build_cpu='armv7l'
build_os='linux-gnueabi'
build_vendor='unknown'
datadir='${datarootdir}'
datarootdir='${prefix}/share'
docdir='${datarootdir}/doc/${PACKAGE_TARNAME}'
dvidir='${docdir}'
exec_prefix='${prefix}'
host='armv7l-unknown-linux-gnueabi'
host_alias=''
host_cpu='armv7l'
host_os='linux-gnueabi'
host_vendor='unknown'
htmldir='${docdir}'
includedir='${prefix}/include'
infodir='${datarootdir}/info'
install_sh='$(SHELL) /home/pi/standalone/zbar-0.10/config/install-sh'
libdir='${exec_prefix}/lib'
libexecdir='${exec_prefix}/libexec'
localedir='${datarootdir}/locale'
localstatedir='${prefix}/var'
lt_ECHO='echo'
mandir='${datarootdir}/man'
mkdir_p='/bin/mkdir -p'
oldincludedir='/usr/include'
pdfdir='${docdir}'
pkgpyexecdir='${pyexecdir}/zbar'
pkgpythondir='${pythondir}/zbar'
prefix='/usr/local'
program_transform_name='s,x,x,'
psdir='${docdir}'
pyexecdir='${exec_prefix}/lib/python2.7/site-packages'
pythondir='${prefix}/lib/python2.7/site-packages'
sbindir='${exec_prefix}/sbin'
sharedstatedir='${prefix}/com'
sysconfdir='${prefix}/etc'
target_alias=''

## ----------- ##
## confdefs.h. ##
## ----------- ##

#define PACKAGE_NAME "zbar"
#define PACKAGE_TARNAME "zbar"
#define PACKAGE_VERSION "0.10"
#define PACKAGE_STRING "zbar 0.10"
#define PACKAGE_BUGREPORT "spadix@users.sourceforge.net"
#define PACKAGE "zbar"
#define VERSION "0.10"
#define STDC_HEADERS 1
#define HAVE_SYS_TYPES_H 1
#define HAVE_SYS_STAT_H 1
#define HAVE_STDLIB_H 1
#define HAVE_STRING_H 1
#define HAVE_MEMORY_H 1
#define HAVE_STRINGS_H 1
#define HAVE_INTTYPES_H 1
#define HAVE_STDINT_H 1
#define HAVE_UNISTD_H 1
#define HAVE_DLFCN_H 1
#define LT_OBJDIR ".libs/"
#define ZBAR_VERSION_MAJOR 0
#define ZBAR_VERSION_MINOR 10
#define LIB_VERSION_MAJOR 0
#define LIB_VERSION_MINOR 2
#define LIB_VERSION_REVISION 0
#define ENABLE_EAN 1
#define ENABLE_CODE128 1
#define ENABLE_CODE39 1
#define ENABLE_I25 1
#define ENABLE_QRCODE 1
#define HAVE_ICONV 1
#define ICONV_CONST 
#define HAVE_POLL_H 1
#define HAVE_PTHREAD_H 1
#define HAVE_LIBPTHREAD 1
#define __USE_UNIX98 1
#define HAVE_X11_EXTENSIONS_XSHM_H 1
#define HAVE_JPEGLIB_H 1
#define HAVE_LIBJPEG 1
#define HAVE_FCNTL_H 1
#define HAVE_FEATURES_H 1
#define HAVE_INTTYPES_H 1
#define HAVE_STDLIB_H 1
#define HAVE_STRING_H 1
#define HAVE_UNISTD_H 1
#define HAVE_SYS_IOCTL_H 1
#define HAVE_SYS_TIME_H 1
#define HAVE_SYS_TIMES_H 1
#define HAVE_SYS_IPC_H 1
#define HAVE_SYS_SHM_H 1
#define HAVE_SYS_MMAN_H 1
#define HAVE_UINTPTR_T 1
#define HAVE_STDLIB_H 1
#define HAVE_UNISTD_H 1
#define HAVE_GETPAGESIZE 1
#define HAVE_MMAP 1
#define HAVE_MEMSET 1
#define HAVE_ATEXIT 1
#define HAVE_SETENV 1

configure: exit 0
